::1 - - [29/Nov/2017:05:40:00 +0000] "GET /home HTTP/1.1" 304 - "-" "Mozilla/5.0 (Windows NT 6.1; Win64; x64) AppleWebKit/537.36 (KHTML, like Gecko) Chrome/62.0.3202.94 Safari/537.36"
::1 - - [29/Nov/2017:05:40:00 +0000] "GET /stylesheets/livesearch2.css HTTP/1.1" 304 - "http://localhost:3010/home" "Mozilla/5.0 (Windows NT 6.1; Win64; x64) AppleWebKit/537.36 (KHTML, like Gecko) Chrome/62.0.3202.94 Safari/537.36"
::1 - - [29/Nov/2017:05:40:00 +0000] "GET /stylesheets/login1.css HTTP/1.1" 304 - "http://localhost:3010/home" "Mozilla/5.0 (Windows NT 6.1; Win64; x64) AppleWebKit/537.36 (KHTML, like Gecko) Chrome/62.0.3202.94 Safari/537.36"
::1 - - [29/Nov/2017:05:40:00 +0000] "GET /stylesheets/Registration_form.css HTTP/1.1" 304 - "http://localhost:3010/home" "Mozilla/5.0 (Windows NT 6.1; Win64; x64) AppleWebKit/537.36 (KHTML, like Gecko) Chrome/62.0.3202.94 Safari/537.36"
::1 - - [29/Nov/2017:05:40:00 +0000] "GET /javascripts/jic_common.js HTTP/1.1" 304 - "http://localhost:3010/home" "Mozilla/5.0 (Windows NT 6.1; Win64; x64) AppleWebKit/537.36 (KHTML, like Gecko) Chrome/62.0.3202.94 Safari/537.36"
::1 - - [29/Nov/2017:05:40:00 +0000] "GET /images/signin1.png HTTP/1.1" 304 - "http://localhost:3010/home" "Mozilla/5.0 (Windows NT 6.1; Win64; x64) AppleWebKit/537.36 (KHTML, like Gecko) Chrome/62.0.3202.94 Safari/537.36"
::1 - - [29/Nov/2017:05:40:00 +0000] "GET /images/LoginWithFacebook.png HTTP/1.1" 304 - "http://localhost:3010/home" "Mozilla/5.0 (Windows NT 6.1; Win64; x64) AppleWebKit/537.36 (KHTML, like Gecko) Chrome/62.0.3202.94 Safari/537.36"
::1 - - [29/Nov/2017:05:40:00 +0000] "GET /images/Filter.png HTTP/1.1" 304 - "http://localhost:3010/home" "Mozilla/5.0 (Windows NT 6.1; Win64; x64) AppleWebKit/537.36 (KHTML, like Gecko) Chrome/62.0.3202.94 Safari/537.36"
::1 - - [29/Nov/2017:05:40:00 +0000] "GET /images/icons8-Share-50.png HTTP/1.1" 304 - "http://localhost:3010/home" "Mozilla/5.0 (Windows NT 6.1; Win64; x64) AppleWebKit/537.36 (KHTML, like Gecko) Chrome/62.0.3202.94 Safari/537.36"
::1 - - [29/Nov/2017:05:40:00 +0000] "GET /images/businessmen-42691_1280.png HTTP/1.1" 304 - "http://localhost:3010/home" "Mozilla/5.0 (Windows NT 6.1; Win64; x64) AppleWebKit/537.36 (KHTML, like Gecko) Chrome/62.0.3202.94 Safari/537.36"
::1 - - [29/Nov/2017:05:40:00 +0000] "GET /images/entrepreneur-696959_1920.jpg HTTP/1.1" 304 - "http://localhost:3010/home" "Mozilla/5.0 (Windows NT 6.1; Win64; x64) AppleWebKit/537.36 (KHTML, like Gecko) Chrome/62.0.3202.94 Safari/537.36"
::1 - - [29/Nov/2017:05:40:00 +0000] "GET /images/thumb-2480775_1920.jpg HTTP/1.1" 304 - "http://localhost:3010/home" "Mozilla/5.0 (Windows NT 6.1; Win64; x64) AppleWebKit/537.36 (KHTML, like Gecko) Chrome/62.0.3202.94 Safari/537.36"
::1 - - [29/Nov/2017:05:40:00 +0000] "GET /images/board-2434016_1920.jpg HTTP/1.1" 304 - "http://localhost:3010/home" "Mozilla/5.0 (Windows NT 6.1; Win64; x64) AppleWebKit/537.36 (KHTML, like Gecko) Chrome/62.0.3202.94 Safari/537.36"
::1 - - [29/Nov/2017:05:41:17 +0000] "GET /home HTTP/1.1" 304 - "-" "Mozilla/5.0 (Windows NT 6.1; Win64; x64) AppleWebKit/537.36 (KHTML, like Gecko) Chrome/62.0.3202.94 Safari/537.36"
::1 - - [29/Nov/2017:05:41:17 +0000] "GET /stylesheets/livesearch2.css HTTP/1.1" 304 - "http://localhost:3010/home" "Mozilla/5.0 (Windows NT 6.1; Win64; x64) AppleWebKit/537.36 (KHTML, like Gecko) Chrome/62.0.3202.94 Safari/537.36"
::1 - - [29/Nov/2017:05:41:17 +0000] "GET /stylesheets/login1.css HTTP/1.1" 304 - "http://localhost:3010/home" "Mozilla/5.0 (Windows NT 6.1; Win64; x64) AppleWebKit/537.36 (KHTML, like Gecko) Chrome/62.0.3202.94 Safari/537.36"
::1 - - [29/Nov/2017:05:41:17 +0000] "GET /stylesheets/Registration_form.css HTTP/1.1" 304 - "http://localhost:3010/home" "Mozilla/5.0 (Windows NT 6.1; Win64; x64) AppleWebKit/537.36 (KHTML, like Gecko) Chrome/62.0.3202.94 Safari/537.36"
::1 - - [29/Nov/2017:05:41:17 +0000] "GET /javascripts/jic_common.js HTTP/1.1" 304 - "http://localhost:3010/home" "Mozilla/5.0 (Windows NT 6.1; Win64; x64) AppleWebKit/537.36 (KHTML, like Gecko) Chrome/62.0.3202.94 Safari/537.36"
::1 - - [29/Nov/2017:05:41:17 +0000] "GET /images/signin1.png HTTP/1.1" 304 - "http://localhost:3010/home" "Mozilla/5.0 (Windows NT 6.1; Win64; x64) AppleWebKit/537.36 (KHTML, like Gecko) Chrome/62.0.3202.94 Safari/537.36"
::1 - - [29/Nov/2017:05:41:17 +0000] "GET /images/LoginWithFacebook.png HTTP/1.1" 304 - "http://localhost:3010/home" "Mozilla/5.0 (Windows NT 6.1; Win64; x64) AppleWebKit/537.36 (KHTML, like Gecko) Chrome/62.0.3202.94 Safari/537.36"
::1 - - [29/Nov/2017:05:41:17 +0000] "GET /images/Filter.png HTTP/1.1" 304 - "http://localhost:3010/home" "Mozilla/5.0 (Windows NT 6.1; Win64; x64) AppleWebKit/537.36 (KHTML, like Gecko) Chrome/62.0.3202.94 Safari/537.36"
::1 - - [29/Nov/2017:05:41:17 +0000] "GET /images/icons8-Share-50.png HTTP/1.1" 304 - "http://localhost:3010/home" "Mozilla/5.0 (Windows NT 6.1; Win64; x64) AppleWebKit/537.36 (KHTML, like Gecko) Chrome/62.0.3202.94 Safari/537.36"
::1 - - [29/Nov/2017:05:41:17 +0000] "GET /images/businessmen-42691_1280.png HTTP/1.1" 304 - "http://localhost:3010/home" "Mozilla/5.0 (Windows NT 6.1; Win64; x64) AppleWebKit/537.36 (KHTML, like Gecko) Chrome/62.0.3202.94 Safari/537.36"
::1 - - [29/Nov/2017:05:41:17 +0000] "GET /images/entrepreneur-696959_1920.jpg HTTP/1.1" 304 - "http://localhost:3010/home" "Mozilla/5.0 (Windows NT 6.1; Win64; x64) AppleWebKit/537.36 (KHTML, like Gecko) Chrome/62.0.3202.94 Safari/537.36"
::1 - - [29/Nov/2017:05:41:17 +0000] "GET /images/thumb-2480775_1920.jpg HTTP/1.1" 304 - "http://localhost:3010/home" "Mozilla/5.0 (Windows NT 6.1; Win64; x64) AppleWebKit/537.36 (KHTML, like Gecko) Chrome/62.0.3202.94 Safari/537.36"
::1 - - [29/Nov/2017:05:41:17 +0000] "GET /images/board-2434016_1920.jpg HTTP/1.1" 304 - "http://localhost:3010/home" "Mozilla/5.0 (Windows NT 6.1; Win64; x64) AppleWebKit/537.36 (KHTML, like Gecko) Chrome/62.0.3202.94 Safari/537.36"
