01/Dec/2017:05:38:17 +0000 GET /home
01/Dec/2017:05:38:17 +0000 GET /stylesheets/livesearch2.css
01/Dec/2017:05:38:17 +0000 GET /stylesheets/login1.css
01/Dec/2017:05:38:17 +0000 GET /stylesheets/Registration_form.css
01/Dec/2017:05:38:17 +0000 GET /javascripts/jic_common.js
01/Dec/2017:05:38:17 +0000 GET /images/signin1.png
01/Dec/2017:05:38:17 +0000 GET /images/LoginWithFacebook.png
01/Dec/2017:05:38:17 +0000 GET /images/Filter.png
01/Dec/2017:05:38:17 +0000 GET /images/icons8-Share-50.png
01/Dec/2017:05:38:17 +0000 GET /images/businessmen-42691_1280.png
01/Dec/2017:05:38:17 +0000 GET /images/entrepreneur-696959_1920.jpg
01/Dec/2017:05:38:17 +0000 GET /images/thumb-2480775_1920.jpg
01/Dec/2017:05:38:17 +0000 GET /images/board-2434016_1920.jpg
01/Dec/2017:06:25:21 +0000 GET /home
01/Dec/2017:06:25:21 +0000 GET /javascripts/Contact_Section.js
01/Dec/2017:06:25:21 +0000 GET /stylesheets/livesearch2.css
01/Dec/2017:06:25:21 +0000 GET /stylesheets/login1.css
01/Dec/2017:06:25:21 +0000 GET /stylesheets/Registration_form.css
01/Dec/2017:06:25:21 +0000 GET /stylesheets/Contact_Section.css
01/Dec/2017:06:25:21 +0000 GET /javascripts/jic_common.js
01/Dec/2017:06:25:21 +0000 GET /images/signin1.png
01/Dec/2017:06:25:21 +0000 GET /images/LoginWithFacebook.png
01/Dec/2017:06:25:21 +0000 GET /images/Filter.png
01/Dec/2017:06:25:21 +0000 GET /images/icons8-Share-50.png
01/Dec/2017:06:25:21 +0000 GET /images/businessmen-42691_1280.png
01/Dec/2017:06:25:21 +0000 GET /images/entrepreneur-696959_1920.jpg
01/Dec/2017:06:25:21 +0000 GET /images/thumb-2480775_1920.jpg
01/Dec/2017:06:25:21 +0000 GET /images/board-2434016_1920.jpg
01/Dec/2017:06:25:21 +0000 GET /javascripts/Contact_Section.js
01/Dec/2017:06:25:21 +0000 GET /stylesheets/null
01/Dec/2017:06:25:54 +0000 GET /home
01/Dec/2017:06:25:54 +0000 GET /stylesheets/livesearch2.css
01/Dec/2017:06:25:54 +0000 GET /stylesheets/login1.css
01/Dec/2017:06:25:54 +0000 GET /stylesheets/Registration_form.css
01/Dec/2017:06:25:54 +0000 GET /javascripts/jic_common.js
01/Dec/2017:06:25:54 +0000 GET /stylesheets/Contact_Section.css
01/Dec/2017:06:25:54 +0000 GET /javascripts/Contact_Section.js
01/Dec/2017:06:25:54 +0000 GET /images/signin1.png
01/Dec/2017:06:25:54 +0000 GET /images/LoginWithFacebook.png
01/Dec/2017:06:25:54 +0000 GET /images/Filter.png
01/Dec/2017:06:25:54 +0000 GET /images/icons8-Share-50.png
01/Dec/2017:06:25:54 +0000 GET /images/businessmen-42691_1280.png
01/Dec/2017:06:25:54 +0000 GET /images/entrepreneur-696959_1920.jpg
01/Dec/2017:06:25:54 +0000 GET /images/thumb-2480775_1920.jpg
01/Dec/2017:06:25:54 +0000 GET /images/board-2434016_1920.jpg
01/Dec/2017:06:25:54 +0000 GET /stylesheets/null
01/Dec/2017:06:26:00 +0000 GET /home
01/Dec/2017:06:26:00 +0000 GET /stylesheets/livesearch2.css
01/Dec/2017:06:26:00 +0000 GET /stylesheets/login1.css
01/Dec/2017:06:26:00 +0000 GET /stylesheets/Registration_form.css
01/Dec/2017:06:26:00 +0000 GET /javascripts/jic_common.js
01/Dec/2017:06:26:00 +0000 GET /stylesheets/Contact_Section.css
01/Dec/2017:06:26:00 +0000 GET /javascripts/Contact_Section.js
01/Dec/2017:06:26:00 +0000 GET /images/signin1.png
01/Dec/2017:06:26:00 +0000 GET /images/LoginWithFacebook.png
01/Dec/2017:06:26:00 +0000 GET /images/Filter.png
01/Dec/2017:06:26:00 +0000 GET /images/icons8-Share-50.png
01/Dec/2017:06:26:00 +0000 GET /images/businessmen-42691_1280.png
01/Dec/2017:06:26:00 +0000 GET /images/entrepreneur-696959_1920.jpg
01/Dec/2017:06:26:00 +0000 GET /javascripts/Contact_Section.js
01/Dec/2017:06:26:00 +0000 GET /images/thumb-2480775_1920.jpg
01/Dec/2017:06:26:00 +0000 GET /images/board-2434016_1920.jpg
01/Dec/2017:06:26:00 +0000 GET /stylesheets/null
01/Dec/2017:06:26:02 +0000 GET /images/RecaptchaIcon2.png
01/Dec/2017:06:26:40 +0000 GET /home
01/Dec/2017:06:26:40 +0000 GET /stylesheets/livesearch2.css
01/Dec/2017:06:26:40 +0000 GET /stylesheets/login1.css
01/Dec/2017:06:26:40 +0000 GET /stylesheets/Registration_form.css
01/Dec/2017:06:26:40 +0000 GET /javascripts/jic_common.js
01/Dec/2017:06:26:40 +0000 GET /stylesheets/Contact_Section.css
01/Dec/2017:06:26:40 +0000 GET /javascripts/Contact_Section.js
01/Dec/2017:06:26:40 +0000 GET /images/signin1.png
01/Dec/2017:06:26:40 +0000 GET /images/LoginWithFacebook.png
01/Dec/2017:06:26:40 +0000 GET /images/Filter.png
01/Dec/2017:06:26:40 +0000 GET /images/icons8-Share-50.png
01/Dec/2017:06:26:40 +0000 GET /images/businessmen-42691_1280.png
01/Dec/2017:06:26:40 +0000 GET /images/entrepreneur-696959_1920.jpg
01/Dec/2017:06:26:40 +0000 GET /images/thumb-2480775_1920.jpg
01/Dec/2017:06:26:40 +0000 GET /images/board-2434016_1920.jpg
01/Dec/2017:06:26:41 +0000 GET /images/RecaptchaIcon2.png
01/Dec/2017:06:27:05 +0000 GET /home
01/Dec/2017:06:27:05 +0000 GET /stylesheets/livesearch2.css
01/Dec/2017:06:27:05 +0000 GET /stylesheets/login1.css
01/Dec/2017:06:27:05 +0000 GET /stylesheets/Registration_form.css
01/Dec/2017:06:27:05 +0000 GET /javascripts/jic_common.js
01/Dec/2017:06:27:05 +0000 GET /stylesheets/Contact_Section.css
01/Dec/2017:06:27:05 +0000 GET /javascripts/Contact_Section.js
01/Dec/2017:06:27:05 +0000 GET /images/signin1.png
01/Dec/2017:06:27:05 +0000 GET /images/LoginWithFacebook.png
01/Dec/2017:06:27:05 +0000 GET /images/Filter.png
01/Dec/2017:06:27:06 +0000 GET /images/icons8-Share-50.png
01/Dec/2017:06:27:06 +0000 GET /images/businessmen-42691_1280.png
01/Dec/2017:06:27:06 +0000 GET /images/entrepreneur-696959_1920.jpg
01/Dec/2017:06:27:06 +0000 GET /images/thumb-2480775_1920.jpg
01/Dec/2017:06:27:06 +0000 GET /images/board-2434016_1920.jpg
01/Dec/2017:06:27:07 +0000 GET /images/RecaptchaIcon2.png
01/Dec/2017:06:29:23 +0000 GET /home
01/Dec/2017:06:29:24 +0000 GET /stylesheets/livesearch2.css
01/Dec/2017:06:29:24 +0000 GET /stylesheets/login1.css
01/Dec/2017:06:29:24 +0000 GET /stylesheets/Registration_form.css
01/Dec/2017:06:29:24 +0000 GET /javascripts/jic_common.js
01/Dec/2017:06:29:24 +0000 GET /stylesheets/Contact_Section.css
01/Dec/2017:06:29:24 +0000 GET /javascripts/Contact_Section.js
01/Dec/2017:06:29:24 +0000 GET /images/signin1.png
01/Dec/2017:06:29:24 +0000 GET /images/LoginWithFacebook.png
01/Dec/2017:06:29:24 +0000 GET /images/Filter.png
01/Dec/2017:06:29:24 +0000 GET /images/icons8-Share-50.png
01/Dec/2017:06:29:24 +0000 GET /images/businessmen-42691_1280.png
01/Dec/2017:06:29:24 +0000 GET /images/entrepreneur-696959_1920.jpg
01/Dec/2017:06:29:24 +0000 GET /images/thumb-2480775_1920.jpg
01/Dec/2017:06:29:24 +0000 GET /images/board-2434016_1920.jpg
01/Dec/2017:06:29:24 +0000 GET /stylesheets/null
01/Dec/2017:06:29:25 +0000 GET /images/RecaptchaIcon2.png
01/Dec/2017:06:36:27 +0000 GET /home
01/Dec/2017:06:36:27 +0000 GET /stylesheets/livesearch2.css
01/Dec/2017:06:36:27 +0000 GET /stylesheets/login1.css
01/Dec/2017:06:36:27 +0000 GET /stylesheets/Registration_form.css
01/Dec/2017:06:36:27 +0000 GET /javascripts/jic_common.js
01/Dec/2017:06:36:27 +0000 GET /stylesheets/Contact_Section.css
01/Dec/2017:06:36:27 +0000 GET /javascripts/Contact_Section.js
01/Dec/2017:06:36:27 +0000 GET /images/signin1.png
01/Dec/2017:06:36:27 +0000 GET /images/LoginWithFacebook.png
01/Dec/2017:06:36:27 +0000 GET /images/Filter.png
01/Dec/2017:06:36:27 +0000 GET /images/icons8-Share-50.png
01/Dec/2017:06:36:27 +0000 GET /images/businessmen-42691_1280.png
01/Dec/2017:06:36:27 +0000 GET /images/entrepreneur-696959_1920.jpg
01/Dec/2017:06:36:27 +0000 GET /images/thumb-2480775_1920.jpg
01/Dec/2017:06:36:27 +0000 GET /images/board-2434016_1920.jpg
01/Dec/2017:06:36:27 +0000 GET /stylesheets/null
01/Dec/2017:06:36:28 +0000 GET /images/RecaptchaIcon2.png
01/Dec/2017:06:37:21 +0000 GET /home
01/Dec/2017:06:37:21 +0000 GET /stylesheets/livesearch2.css
01/Dec/2017:06:37:21 +0000 GET /stylesheets/login1.css
01/Dec/2017:06:37:21 +0000 GET /stylesheets/Registration_form.css
01/Dec/2017:06:37:21 +0000 GET /javascripts/jic_common.js
01/Dec/2017:06:37:21 +0000 GET /stylesheets/Contact_Section.css
01/Dec/2017:06:37:21 +0000 GET /javascripts/Contact_Section.js
01/Dec/2017:06:37:21 +0000 GET /images/signin1.png
01/Dec/2017:06:37:21 +0000 GET /images/LoginWithFacebook.png
01/Dec/2017:06:37:21 +0000 GET /images/Filter.png
01/Dec/2017:06:37:21 +0000 GET /images/icons8-Share-50.png
01/Dec/2017:06:37:21 +0000 GET /images/businessmen-42691_1280.png
01/Dec/2017:06:37:21 +0000 GET /images/entrepreneur-696959_1920.jpg
01/Dec/2017:06:37:21 +0000 GET /images/thumb-2480775_1920.jpg
01/Dec/2017:06:37:21 +0000 GET /images/board-2434016_1920.jpg
01/Dec/2017:06:37:21 +0000 GET /stylesheets/null
01/Dec/2017:06:37:22 +0000 GET /images/RecaptchaIcon2.png
01/Dec/2017:06:38:30 +0000 GET /home
01/Dec/2017:06:38:30 +0000 GET /stylesheets/livesearch2.css
01/Dec/2017:06:38:30 +0000 GET /stylesheets/login1.css
01/Dec/2017:06:38:30 +0000 GET /stylesheets/Registration_form.css
01/Dec/2017:06:38:30 +0000 GET /javascripts/jic_common.js
01/Dec/2017:06:38:30 +0000 GET /stylesheets/Contact_Section.css
01/Dec/2017:06:38:30 +0000 GET /javascripts/Contact_Section.js
01/Dec/2017:06:38:30 +0000 GET /images/signin1.png
01/Dec/2017:06:38:30 +0000 GET /images/LoginWithFacebook.png
01/Dec/2017:06:38:30 +0000 GET /images/Filter.png
01/Dec/2017:06:38:30 +0000 GET /images/icons8-Share-50.png
01/Dec/2017:06:38:30 +0000 GET /images/businessmen-42691_1280.png
01/Dec/2017:06:38:30 +0000 GET /images/entrepreneur-696959_1920.jpg
01/Dec/2017:06:38:30 +0000 GET /images/thumb-2480775_1920.jpg
01/Dec/2017:06:38:30 +0000 GET /images/board-2434016_1920.jpg
01/Dec/2017:06:38:30 +0000 GET /stylesheets/null
01/Dec/2017:06:38:31 +0000 GET /images/RecaptchaIcon2.png
01/Dec/2017:06:41:55 +0000 GET /home
01/Dec/2017:06:41:55 +0000 GET /stylesheets/livesearch2.css
01/Dec/2017:06:41:55 +0000 GET /stylesheets/login1.css
01/Dec/2017:06:41:55 +0000 GET /stylesheets/Registration_form.css
01/Dec/2017:06:41:55 +0000 GET /javascripts/jic_common.js
01/Dec/2017:06:41:55 +0000 GET /stylesheets/Contact_Section.css
01/Dec/2017:06:41:55 +0000 GET /javascripts/Contact_Section.js
01/Dec/2017:06:41:55 +0000 GET /images/signin1.png
01/Dec/2017:06:41:55 +0000 GET /images/LoginWithFacebook.png
01/Dec/2017:06:41:55 +0000 GET /images/Filter.png
01/Dec/2017:06:41:55 +0000 GET /images/icons8-Share-50.png
01/Dec/2017:06:41:55 +0000 GET /images/businessmen-42691_1280.png
01/Dec/2017:06:41:55 +0000 GET /images/entrepreneur-696959_1920.jpg
01/Dec/2017:06:41:55 +0000 GET /images/thumb-2480775_1920.jpg
01/Dec/2017:06:41:55 +0000 GET /images/board-2434016_1920.jpg
01/Dec/2017:06:41:55 +0000 GET /stylesheets/null
01/Dec/2017:06:41:57 +0000 GET /images/RecaptchaIcon2.png
01/Dec/2017:06:43:23 +0000 GET /home
01/Dec/2017:06:43:23 +0000 GET /stylesheets/livesearch2.css
01/Dec/2017:06:43:23 +0000 GET /stylesheets/login1.css
01/Dec/2017:06:43:23 +0000 GET /stylesheets/Registration_form.css
01/Dec/2017:06:43:23 +0000 GET /javascripts/jic_common.js
01/Dec/2017:06:43:23 +0000 GET /stylesheets/Contact_Section.css
01/Dec/2017:06:43:23 +0000 GET /javascripts/Contact_Section.js
01/Dec/2017:06:43:23 +0000 GET /images/signin1.png
01/Dec/2017:06:43:23 +0000 GET /images/LoginWithFacebook.png
01/Dec/2017:06:43:23 +0000 GET /images/Filter.png
01/Dec/2017:06:43:23 +0000 GET /images/icons8-Share-50.png
01/Dec/2017:06:43:23 +0000 GET /images/businessmen-42691_1280.png
01/Dec/2017:06:43:23 +0000 GET /images/entrepreneur-696959_1920.jpg
01/Dec/2017:06:43:23 +0000 GET /images/thumb-2480775_1920.jpg
01/Dec/2017:06:43:23 +0000 GET /images/board-2434016_1920.jpg
01/Dec/2017:06:43:23 +0000 GET /javascripts/Contact_Section.js
01/Dec/2017:06:43:23 +0000 GET /stylesheets/null
01/Dec/2017:06:43:24 +0000 GET /images/RecaptchaIcon2.png
01/Dec/2017:06:44:06 +0000 GET /home
01/Dec/2017:06:44:06 +0000 GET /stylesheets/livesearch2.css
01/Dec/2017:06:44:06 +0000 GET /stylesheets/login1.css
01/Dec/2017:06:44:06 +0000 GET /stylesheets/Registration_form.css
01/Dec/2017:06:44:06 +0000 GET /javascripts/jic_common.js
01/Dec/2017:06:44:06 +0000 GET /stylesheets/Contact_Section.css
01/Dec/2017:06:44:06 +0000 GET /javascripts/Contact_Section.js
01/Dec/2017:06:44:06 +0000 GET /images/signin1.png
01/Dec/2017:06:44:06 +0000 GET /images/LoginWithFacebook.png
01/Dec/2017:06:44:06 +0000 GET /images/Filter.png
01/Dec/2017:06:44:06 +0000 GET /images/icons8-Share-50.png
01/Dec/2017:06:44:06 +0000 GET /images/businessmen-42691_1280.png
01/Dec/2017:06:44:06 +0000 GET /images/entrepreneur-696959_1920.jpg
01/Dec/2017:06:44:06 +0000 GET /images/thumb-2480775_1920.jpg
01/Dec/2017:06:44:06 +0000 GET /images/board-2434016_1920.jpg
01/Dec/2017:06:44:06 +0000 GET /javascripts/Contact_Section.js
01/Dec/2017:06:44:06 +0000 GET /stylesheets/null
01/Dec/2017:06:44:40 +0000 GET /images/RecaptchaIcon2.png
01/Dec/2017:06:48:46 +0000 GET /home
01/Dec/2017:06:48:46 +0000 GET /stylesheets/livesearch2.css
01/Dec/2017:06:48:46 +0000 GET /stylesheets/login1.css
01/Dec/2017:06:48:46 +0000 GET /stylesheets/Registration_form.css
01/Dec/2017:06:48:46 +0000 GET /javascripts/jic_common.js
01/Dec/2017:06:48:46 +0000 GET /stylesheets/Contact_Section.css
01/Dec/2017:06:48:46 +0000 GET /javascripts/Contact_Section.js
01/Dec/2017:06:48:46 +0000 GET /images/signin1.png
01/Dec/2017:06:48:46 +0000 GET /images/LoginWithFacebook.png
01/Dec/2017:06:48:46 +0000 GET /images/Filter.png
01/Dec/2017:06:48:46 +0000 GET /images/icons8-Share-50.png
01/Dec/2017:06:48:46 +0000 GET /images/businessmen-42691_1280.png
01/Dec/2017:06:48:46 +0000 GET /images/entrepreneur-696959_1920.jpg
01/Dec/2017:06:48:46 +0000 GET /images/thumb-2480775_1920.jpg
01/Dec/2017:06:48:46 +0000 GET /images/board-2434016_1920.jpg
01/Dec/2017:06:48:46 +0000 GET /stylesheets/null
01/Dec/2017:06:52:11 +0000 GET /home
01/Dec/2017:06:52:11 +0000 GET /stylesheets/livesearch2.css
01/Dec/2017:06:52:11 +0000 GET /stylesheets/login1.css
01/Dec/2017:06:52:11 +0000 GET /stylesheets/Registration_form.css
01/Dec/2017:06:52:11 +0000 GET /javascripts/jic_common.js
01/Dec/2017:06:52:11 +0000 GET /javascripts/Contact_Section.js
01/Dec/2017:06:52:11 +0000 GET /stylesheets/Contact_Section.css
01/Dec/2017:06:52:11 +0000 GET /images/signin1.png
01/Dec/2017:06:52:11 +0000 GET /images/LoginWithFacebook.png
01/Dec/2017:06:52:11 +0000 GET /images/Filter.png
01/Dec/2017:06:52:11 +0000 GET /images/icons8-Share-50.png
01/Dec/2017:06:52:11 +0000 GET /images/businessmen-42691_1280.png
01/Dec/2017:06:52:11 +0000 GET /images/entrepreneur-696959_1920.jpg
01/Dec/2017:06:52:11 +0000 GET /images/thumb-2480775_1920.jpg
01/Dec/2017:06:52:11 +0000 GET /images/board-2434016_1920.jpg
01/Dec/2017:06:52:11 +0000 GET /stylesheets/null
01/Dec/2017:06:52:13 +0000 GET /images/RecaptchaIcon2.png
01/Dec/2017:06:57:01 +0000 GET /home
01/Dec/2017:06:57:01 +0000 GET /stylesheets/livesearch2.css
01/Dec/2017:06:57:01 +0000 GET /stylesheets/login1.css
01/Dec/2017:06:57:01 +0000 GET /stylesheets/Registration_form.css
01/Dec/2017:06:57:01 +0000 GET /javascripts/jic_common.js
01/Dec/2017:06:57:01 +0000 GET /javascripts/Contact_Section.js
01/Dec/2017:06:57:01 +0000 GET /stylesheets/Contact_Section.css
01/Dec/2017:06:57:01 +0000 GET /images/signin1.png
01/Dec/2017:06:57:01 +0000 GET /images/LoginWithFacebook.png
01/Dec/2017:06:57:01 +0000 GET /images/Filter.png
01/Dec/2017:06:57:01 +0000 GET /images/icons8-Share-50.png
01/Dec/2017:06:57:01 +0000 GET /images/businessmen-42691_1280.png
01/Dec/2017:06:57:01 +0000 GET /images/entrepreneur-696959_1920.jpg
01/Dec/2017:06:57:01 +0000 GET /images/thumb-2480775_1920.jpg
01/Dec/2017:06:57:01 +0000 GET /images/board-2434016_1920.jpg
01/Dec/2017:06:57:02 +0000 GET /javascripts/Contact_Section.js
01/Dec/2017:06:57:02 +0000 GET /stylesheets/null
01/Dec/2017:06:57:02 +0000 GET /images/RecaptchaIcon2.png
01/Dec/2017:06:59:39 +0000 GET /home
01/Dec/2017:06:59:39 +0000 GET /stylesheets/livesearch2.css
01/Dec/2017:06:59:39 +0000 GET /stylesheets/login1.css
01/Dec/2017:06:59:39 +0000 GET /stylesheets/Registration_form.css
01/Dec/2017:06:59:39 +0000 GET /javascripts/jic_common.js
01/Dec/2017:06:59:39 +0000 GET /stylesheets/Contact_Section.css
01/Dec/2017:06:59:39 +0000 GET /javascripts/Contact_Section.js
01/Dec/2017:06:59:39 +0000 GET /images/signin1.png
01/Dec/2017:06:59:39 +0000 GET /images/LoginWithFacebook.png
01/Dec/2017:06:59:39 +0000 GET /images/Filter.png
01/Dec/2017:06:59:39 +0000 GET /images/icons8-Share-50.png
01/Dec/2017:06:59:39 +0000 GET /images/businessmen-42691_1280.png
01/Dec/2017:06:59:39 +0000 GET /images/thumb-2480775_1920.jpg
01/Dec/2017:06:59:39 +0000 GET /images/board-2434016_1920.jpg
01/Dec/2017:06:59:39 +0000 GET /stylesheets/null
01/Dec/2017:06:59:39 +0000 GET /images/entrepreneur-696959_1920.jpg
01/Dec/2017:06:59:40 +0000 GET /images/RecaptchaIcon2.png
01/Dec/2017:07:00:43 +0000 GET /home
01/Dec/2017:07:00:43 +0000 GET /stylesheets/livesearch2.css
01/Dec/2017:07:00:43 +0000 GET /stylesheets/login1.css
01/Dec/2017:07:00:43 +0000 GET /stylesheets/Registration_form.css
01/Dec/2017:07:00:43 +0000 GET /javascripts/jic_common.js
01/Dec/2017:07:00:43 +0000 GET /stylesheets/Contact_Section.css
01/Dec/2017:07:00:43 +0000 GET /javascripts/Contact_Section.js
01/Dec/2017:07:00:43 +0000 GET /images/signin1.png
01/Dec/2017:07:00:43 +0000 GET /images/LoginWithFacebook.png
01/Dec/2017:07:00:43 +0000 GET /images/Filter.png
01/Dec/2017:07:00:43 +0000 GET /images/icons8-Share-50.png
01/Dec/2017:07:00:43 +0000 GET /images/businessmen-42691_1280.png
01/Dec/2017:07:00:43 +0000 GET /images/entrepreneur-696959_1920.jpg
01/Dec/2017:07:00:43 +0000 GET /images/thumb-2480775_1920.jpg
01/Dec/2017:07:00:43 +0000 GET /images/board-2434016_1920.jpg
01/Dec/2017:07:00:43 +0000 GET /stylesheets/null
01/Dec/2017:07:00:44 +0000 GET /images/RecaptchaIcon2.png
01/Dec/2017:07:05:52 +0000 GET /home
01/Dec/2017:07:05:52 +0000 GET /stylesheets/livesearch2.css
01/Dec/2017:07:05:52 +0000 GET /stylesheets/login1.css
01/Dec/2017:07:05:52 +0000 GET /javascripts/jic_common.js
01/Dec/2017:07:05:52 +0000 GET /javascripts/Contact_Section.js
01/Dec/2017:07:05:52 +0000 GET /stylesheets/Registration_form.css
01/Dec/2017:07:05:52 +0000 GET /stylesheets/Contact_Section.css
01/Dec/2017:07:05:52 +0000 GET /images/signin1.png
01/Dec/2017:07:05:52 +0000 GET /images/LoginWithFacebook.png
01/Dec/2017:07:05:52 +0000 GET /images/Filter.png
01/Dec/2017:07:05:52 +0000 GET /images/icons8-Share-50.png
01/Dec/2017:07:05:52 +0000 GET /images/businessmen-42691_1280.png
01/Dec/2017:07:05:52 +0000 GET /images/entrepreneur-696959_1920.jpg
01/Dec/2017:07:05:52 +0000 GET /images/thumb-2480775_1920.jpg
01/Dec/2017:07:05:52 +0000 GET /javascripts/Contact_Section.js
01/Dec/2017:07:05:52 +0000 GET /images/board-2434016_1920.jpg
01/Dec/2017:07:05:52 +0000 GET /stylesheets/null
01/Dec/2017:07:05:53 +0000 GET /images/RecaptchaIcon2.png
01/Dec/2017:07:09:39 +0000 GET /home
01/Dec/2017:07:09:39 +0000 GET /stylesheets/livesearch2.css
01/Dec/2017:07:09:39 +0000 GET /stylesheets/login1.css
01/Dec/2017:07:09:39 +0000 GET /javascripts/jic_common.js
01/Dec/2017:07:09:39 +0000 GET /javascripts/Contact_Section.js
01/Dec/2017:07:09:39 +0000 GET /stylesheets/Contact_Section.css
01/Dec/2017:07:09:39 +0000 GET /stylesheets/Registration_form.css
01/Dec/2017:07:09:39 +0000 GET /images/signin1.png
01/Dec/2017:07:09:39 +0000 GET /images/LoginWithFacebook.png
01/Dec/2017:07:09:39 +0000 GET /images/Filter.png
01/Dec/2017:07:09:39 +0000 GET /images/icons8-Share-50.png
01/Dec/2017:07:09:39 +0000 GET /javascripts/Contact_Section.js
01/Dec/2017:07:09:39 +0000 GET /images/businessmen-42691_1280.png
01/Dec/2017:07:09:39 +0000 GET /images/entrepreneur-696959_1920.jpg
01/Dec/2017:07:09:39 +0000 GET /images/thumb-2480775_1920.jpg
01/Dec/2017:07:09:39 +0000 GET /images/board-2434016_1920.jpg
01/Dec/2017:07:09:39 +0000 GET /stylesheets/null
01/Dec/2017:07:09:40 +0000 GET /images/RecaptchaIcon2.png
01/Dec/2017:07:14:14 +0000 GET /home
01/Dec/2017:07:14:14 +0000 GET /stylesheets/livesearch2.css
01/Dec/2017:07:14:14 +0000 GET /stylesheets/login1.css
01/Dec/2017:07:14:14 +0000 GET /stylesheets/Registration_form.css
01/Dec/2017:07:14:14 +0000 GET /javascripts/jic_common.js
01/Dec/2017:07:14:14 +0000 GET /stylesheets/Contact_Section.css
01/Dec/2017:07:14:14 +0000 GET /javascripts/Contact_Section.js
01/Dec/2017:07:14:14 +0000 GET /images/signin1.png
01/Dec/2017:07:14:14 +0000 GET /images/LoginWithFacebook.png
01/Dec/2017:07:14:14 +0000 GET /images/Filter.png
01/Dec/2017:07:14:14 +0000 GET /images/icons8-Share-50.png
01/Dec/2017:07:14:14 +0000 GET /images/businessmen-42691_1280.png
01/Dec/2017:07:14:14 +0000 GET /images/entrepreneur-696959_1920.jpg
01/Dec/2017:07:14:14 +0000 GET /images/thumb-2480775_1920.jpg
01/Dec/2017:07:14:14 +0000 GET /images/board-2434016_1920.jpg
01/Dec/2017:07:14:14 +0000 GET /stylesheets/null
01/Dec/2017:07:14:15 +0000 GET /images/RecaptchaIcon2.png
01/Dec/2017:07:16:15 +0000 GET /home
01/Dec/2017:07:16:15 +0000 GET /stylesheets/livesearch2.css
01/Dec/2017:07:16:15 +0000 GET /stylesheets/login1.css
01/Dec/2017:07:16:15 +0000 GET /stylesheets/Registration_form.css
01/Dec/2017:07:16:15 +0000 GET /javascripts/jic_common.js
01/Dec/2017:07:16:15 +0000 GET /stylesheets/Contact_Section.css
01/Dec/2017:07:16:15 +0000 GET /javascripts/Contact_Section.js
01/Dec/2017:07:16:15 +0000 GET /images/signin1.png
01/Dec/2017:07:16:15 +0000 GET /images/LoginWithFacebook.png
01/Dec/2017:07:16:15 +0000 GET /images/Filter.png
01/Dec/2017:07:16:15 +0000 GET /images/icons8-Share-50.png
01/Dec/2017:07:16:15 +0000 GET /images/businessmen-42691_1280.png
01/Dec/2017:07:16:15 +0000 GET /images/entrepreneur-696959_1920.jpg
01/Dec/2017:07:16:16 +0000 GET /images/thumb-2480775_1920.jpg
01/Dec/2017:07:16:16 +0000 GET /images/board-2434016_1920.jpg
01/Dec/2017:07:16:16 +0000 GET /stylesheets/null
01/Dec/2017:07:16:17 +0000 GET /images/RecaptchaIcon2.png
01/Dec/2017:07:16:53 +0000 GET /home
01/Dec/2017:07:16:53 +0000 GET /stylesheets/livesearch2.css
01/Dec/2017:07:16:53 +0000 GET /stylesheets/login1.css
01/Dec/2017:07:16:53 +0000 GET /stylesheets/Registration_form.css
01/Dec/2017:07:16:53 +0000 GET /javascripts/jic_common.js
01/Dec/2017:07:16:53 +0000 GET /stylesheets/Contact_Section.css
01/Dec/2017:07:16:53 +0000 GET /javascripts/Contact_Section.js
01/Dec/2017:07:16:53 +0000 GET /images/signin1.png
01/Dec/2017:07:16:53 +0000 GET /images/LoginWithFacebook.png
01/Dec/2017:07:16:53 +0000 GET /images/Filter.png
01/Dec/2017:07:16:53 +0000 GET /images/icons8-Share-50.png
01/Dec/2017:07:16:53 +0000 GET /images/businessmen-42691_1280.png
01/Dec/2017:07:16:53 +0000 GET /images/entrepreneur-696959_1920.jpg
01/Dec/2017:07:16:53 +0000 GET /images/thumb-2480775_1920.jpg
01/Dec/2017:07:16:53 +0000 GET /images/board-2434016_1920.jpg
01/Dec/2017:07:16:53 +0000 GET /stylesheets/null
01/Dec/2017:07:16:55 +0000 GET /images/RecaptchaIcon2.png
01/Dec/2017:07:17:39 +0000 GET /home
01/Dec/2017:07:17:39 +0000 GET /stylesheets/livesearch2.css
01/Dec/2017:07:17:39 +0000 GET /stylesheets/login1.css
01/Dec/2017:07:17:39 +0000 GET /stylesheets/Registration_form.css
01/Dec/2017:07:17:39 +0000 GET /javascripts/jic_common.js
01/Dec/2017:07:17:39 +0000 GET /stylesheets/Contact_Section.css
01/Dec/2017:07:17:39 +0000 GET /javascripts/Contact_Section.js
01/Dec/2017:07:17:39 +0000 GET /images/signin1.png
01/Dec/2017:07:17:39 +0000 GET /images/LoginWithFacebook.png
01/Dec/2017:07:17:39 +0000 GET /images/Filter.png
01/Dec/2017:07:17:39 +0000 GET /images/icons8-Share-50.png
01/Dec/2017:07:17:39 +0000 GET /images/businessmen-42691_1280.png
01/Dec/2017:07:17:39 +0000 GET /images/entrepreneur-696959_1920.jpg
01/Dec/2017:07:17:39 +0000 GET /images/thumb-2480775_1920.jpg
01/Dec/2017:07:17:39 +0000 GET /images/board-2434016_1920.jpg
01/Dec/2017:07:17:39 +0000 GET /stylesheets/null
01/Dec/2017:07:17:42 +0000 GET /images/RecaptchaIcon2.png
01/Dec/2017:07:27:02 +0000 GET /home
01/Dec/2017:07:27:02 +0000 GET /stylesheets/livesearch2.css
01/Dec/2017:07:27:02 +0000 GET /stylesheets/login1.css
01/Dec/2017:07:27:02 +0000 GET /javascripts/jic_common.js
01/Dec/2017:07:27:02 +0000 GET /stylesheets/Contact_Section.css
01/Dec/2017:07:27:02 +0000 GET /javascripts/Contact_Section.js
01/Dec/2017:07:27:02 +0000 GET /stylesheets/Registration_form.css
01/Dec/2017:07:27:02 +0000 GET /images/signin1.png
01/Dec/2017:07:27:02 +0000 GET /images/LoginWithFacebook.png
01/Dec/2017:07:27:02 +0000 GET /images/Filter.png
01/Dec/2017:07:27:02 +0000 GET /images/icons8-Share-50.png
01/Dec/2017:07:27:02 +0000 GET /images/businessmen-42691_1280.png
01/Dec/2017:07:27:02 +0000 GET /images/entrepreneur-696959_1920.jpg
01/Dec/2017:07:27:02 +0000 GET /images/thumb-2480775_1920.jpg
01/Dec/2017:07:27:02 +0000 GET /images/board-2434016_1920.jpg
01/Dec/2017:07:27:03 +0000 GET /javascripts/Contact_Section.js
01/Dec/2017:07:27:03 +0000 GET /stylesheets/null
01/Dec/2017:07:27:04 +0000 GET /images/RecaptchaIcon2.png
01/Dec/2017:07:28:20 +0000 GET /home
01/Dec/2017:07:28:20 +0000 GET /stylesheets/livesearch2.css
01/Dec/2017:07:28:20 +0000 GET /stylesheets/login1.css
01/Dec/2017:07:28:20 +0000 GET /javascripts/jic_common.js
01/Dec/2017:07:28:20 +0000 GET /stylesheets/Contact_Section.css
01/Dec/2017:07:28:20 +0000 GET /javascripts/Contact_Section.js
01/Dec/2017:07:28:20 +0000 GET /stylesheets/Registration_form.css
01/Dec/2017:07:28:20 +0000 GET /images/signin1.png
01/Dec/2017:07:28:20 +0000 GET /images/LoginWithFacebook.png
01/Dec/2017:07:28:20 +0000 GET /images/Filter.png
01/Dec/2017:07:28:20 +0000 GET /images/icons8-Share-50.png
01/Dec/2017:07:28:20 +0000 GET /images/businessmen-42691_1280.png
01/Dec/2017:07:28:20 +0000 GET /images/entrepreneur-696959_1920.jpg
01/Dec/2017:07:28:20 +0000 GET /images/thumb-2480775_1920.jpg
01/Dec/2017:07:28:20 +0000 GET /javascripts/Contact_Section.js
01/Dec/2017:07:28:20 +0000 GET /images/board-2434016_1920.jpg
01/Dec/2017:07:28:20 +0000 GET /stylesheets/null
01/Dec/2017:07:28:22 +0000 GET /images/RecaptchaIcon2.png
01/Dec/2017:07:32:21 +0000 GET /home
01/Dec/2017:07:32:21 +0000 GET /stylesheets/livesearch2.css
01/Dec/2017:07:32:21 +0000 GET /stylesheets/login1.css
01/Dec/2017:07:32:21 +0000 GET /stylesheets/Registration_form.css
01/Dec/2017:07:32:21 +0000 GET /javascripts/jic_common.js
01/Dec/2017:07:32:21 +0000 GET /stylesheets/Contact_Section.css
01/Dec/2017:07:32:21 +0000 GET /javascripts/Contact_Section.js
01/Dec/2017:07:32:21 +0000 GET /images/signin1.png
01/Dec/2017:07:32:21 +0000 GET /images/LoginWithFacebook.png
01/Dec/2017:07:32:21 +0000 GET /images/Filter.png
01/Dec/2017:07:32:21 +0000 GET /images/icons8-Share-50.png
01/Dec/2017:07:32:21 +0000 GET /images/businessmen-42691_1280.png
01/Dec/2017:07:32:21 +0000 GET /images/entrepreneur-696959_1920.jpg
01/Dec/2017:07:32:21 +0000 GET /images/thumb-2480775_1920.jpg
01/Dec/2017:07:32:21 +0000 GET /images/board-2434016_1920.jpg
01/Dec/2017:07:32:21 +0000 GET /stylesheets/null
01/Dec/2017:07:32:22 +0000 GET /images/RecaptchaIcon2.png
01/Dec/2017:07:34:48 +0000 GET /home
01/Dec/2017:07:34:48 +0000 GET /stylesheets/livesearch2.css
01/Dec/2017:07:34:48 +0000 GET /stylesheets/login1.css
01/Dec/2017:07:34:48 +0000 GET /stylesheets/Registration_form.css
01/Dec/2017:07:34:48 +0000 GET /javascripts/jic_common.js
01/Dec/2017:07:34:48 +0000 GET /stylesheets/Contact_Section.css
01/Dec/2017:07:34:48 +0000 GET /javascripts/Contact_Section.js
01/Dec/2017:07:34:48 +0000 GET /images/signin1.png
01/Dec/2017:07:34:48 +0000 GET /images/LoginWithFacebook.png
01/Dec/2017:07:34:48 +0000 GET /images/Filter.png
01/Dec/2017:07:34:48 +0000 GET /images/icons8-Share-50.png
01/Dec/2017:07:34:48 +0000 GET /images/businessmen-42691_1280.png
01/Dec/2017:07:34:48 +0000 GET /images/entrepreneur-696959_1920.jpg
01/Dec/2017:07:34:48 +0000 GET /images/thumb-2480775_1920.jpg
01/Dec/2017:07:34:48 +0000 GET /images/board-2434016_1920.jpg
01/Dec/2017:07:34:48 +0000 GET /stylesheets/null
01/Dec/2017:07:34:49 +0000 GET /images/RecaptchaIcon2.png
01/Dec/2017:07:35:10 +0000 GET /home
01/Dec/2017:07:35:11 +0000 GET /stylesheets/livesearch2.css
01/Dec/2017:07:35:11 +0000 GET /stylesheets/login1.css
01/Dec/2017:07:35:11 +0000 GET /stylesheets/Registration_form.css
01/Dec/2017:07:35:11 +0000 GET /javascripts/jic_common.js
01/Dec/2017:07:35:11 +0000 GET /stylesheets/Contact_Section.css
01/Dec/2017:07:35:11 +0000 GET /javascripts/Contact_Section.js
01/Dec/2017:07:35:11 +0000 GET /images/signin1.png
01/Dec/2017:07:35:11 +0000 GET /images/LoginWithFacebook.png
01/Dec/2017:07:35:11 +0000 GET /images/Filter.png
01/Dec/2017:07:35:11 +0000 GET /images/icons8-Share-50.png
01/Dec/2017:07:35:11 +0000 GET /images/businessmen-42691_1280.png
01/Dec/2017:07:35:11 +0000 GET /images/entrepreneur-696959_1920.jpg
01/Dec/2017:07:35:11 +0000 GET /images/thumb-2480775_1920.jpg
01/Dec/2017:07:35:11 +0000 GET /images/board-2434016_1920.jpg
01/Dec/2017:07:35:11 +0000 GET /stylesheets/null
01/Dec/2017:07:35:12 +0000 GET /images/RecaptchaIcon2.png
01/Dec/2017:07:47:23 +0000 GET /home
01/Dec/2017:07:47:23 +0000 GET /stylesheets/livesearch2.css
01/Dec/2017:07:47:23 +0000 GET /stylesheets/login1.css
01/Dec/2017:07:47:23 +0000 GET /stylesheets/Registration_form.css
01/Dec/2017:07:47:23 +0000 GET /javascripts/jic_common.js
01/Dec/2017:07:47:23 +0000 GET /stylesheets/Contact_Section.css
01/Dec/2017:07:47:23 +0000 GET /javascripts/Contact_Section.js
01/Dec/2017:07:47:23 +0000 GET /images/signin1.png
01/Dec/2017:07:47:23 +0000 GET /images/LoginWithFacebook.png
01/Dec/2017:07:47:23 +0000 GET /images/Filter.png
01/Dec/2017:07:47:23 +0000 GET /images/icons8-Share-50.png
01/Dec/2017:07:47:23 +0000 GET /images/businessmen-42691_1280.png
01/Dec/2017:07:47:23 +0000 GET /images/entrepreneur-696959_1920.jpg
01/Dec/2017:07:47:23 +0000 GET /images/thumb-2480775_1920.jpg
01/Dec/2017:07:47:23 +0000 GET /images/board-2434016_1920.jpg
01/Dec/2017:07:47:23 +0000 GET /stylesheets/null
01/Dec/2017:07:47:25 +0000 GET /images/RecaptchaIcon2.png
01/Dec/2017:08:00:31 +0000 GET /home
01/Dec/2017:08:00:31 +0000 GET /stylesheets/livesearch2.css
01/Dec/2017:08:00:31 +0000 GET /stylesheets/login1.css
01/Dec/2017:08:00:31 +0000 GET /javascripts/jic_common.js
01/Dec/2017:08:00:31 +0000 GET /javascripts/Contact_Section.js
01/Dec/2017:08:00:31 +0000 GET /stylesheets/Registration_form.css
01/Dec/2017:08:00:31 +0000 GET /stylesheets/Contact_Section.css
01/Dec/2017:08:00:31 +0000 GET /images/signin1.png
01/Dec/2017:08:00:31 +0000 GET /images/LoginWithFacebook.png
01/Dec/2017:08:00:31 +0000 GET /images/Filter.png
01/Dec/2017:08:00:31 +0000 GET /images/icons8-Share-50.png
01/Dec/2017:08:00:31 +0000 GET /images/businessmen-42691_1280.png
01/Dec/2017:08:00:31 +0000 GET /images/entrepreneur-696959_1920.jpg
01/Dec/2017:08:00:31 +0000 GET /images/thumb-2480775_1920.jpg
01/Dec/2017:08:00:31 +0000 GET /images/board-2434016_1920.jpg
01/Dec/2017:08:00:31 +0000 GET /javascripts/Contact_Section.js
01/Dec/2017:08:00:31 +0000 GET /stylesheets/null
01/Dec/2017:08:00:33 +0000 GET /images/RecaptchaIcon2.png
01/Dec/2017:08:02:44 +0000 GET /home
01/Dec/2017:08:02:44 +0000 GET /stylesheets/livesearch2.css
01/Dec/2017:08:02:44 +0000 GET /stylesheets/login1.css
01/Dec/2017:08:02:44 +0000 GET /javascripts/jic_common.js
01/Dec/2017:08:02:44 +0000 GET /stylesheets/Contact_Section.css
01/Dec/2017:08:02:44 +0000 GET /javascripts/Contact_Section.js
01/Dec/2017:08:02:44 +0000 GET /stylesheets/Registration_form.css
01/Dec/2017:08:02:44 +0000 GET /images/signin1.png
01/Dec/2017:08:02:44 +0000 GET /images/LoginWithFacebook.png
01/Dec/2017:08:02:44 +0000 GET /images/Filter.png
01/Dec/2017:08:02:44 +0000 GET /images/icons8-Share-50.png
01/Dec/2017:08:02:44 +0000 GET /images/businessmen-42691_1280.png
01/Dec/2017:08:02:44 +0000 GET /images/entrepreneur-696959_1920.jpg
01/Dec/2017:08:02:44 +0000 GET /javascripts/Contact_Section.js
01/Dec/2017:08:02:44 +0000 GET /images/thumb-2480775_1920.jpg
01/Dec/2017:08:02:44 +0000 GET /images/board-2434016_1920.jpg
01/Dec/2017:08:02:44 +0000 GET /stylesheets/null
01/Dec/2017:08:02:46 +0000 GET /images/RecaptchaIcon2.png
01/Dec/2017:08:03:06 +0000 GET /home
01/Dec/2017:08:03:07 +0000 GET /stylesheets/livesearch2.css
01/Dec/2017:08:03:07 +0000 GET /stylesheets/login1.css
01/Dec/2017:08:03:07 +0000 GET /stylesheets/Registration_form.css
01/Dec/2017:08:03:07 +0000 GET /javascripts/jic_common.js
01/Dec/2017:08:03:07 +0000 GET /stylesheets/Contact_Section.css
01/Dec/2017:08:03:07 +0000 GET /javascripts/Contact_Section.js
01/Dec/2017:08:03:07 +0000 GET /images/signin1.png
01/Dec/2017:08:03:07 +0000 GET /images/LoginWithFacebook.png
01/Dec/2017:08:03:07 +0000 GET /images/Filter.png
01/Dec/2017:08:03:07 +0000 GET /images/icons8-Share-50.png
01/Dec/2017:08:03:07 +0000 GET /images/businessmen-42691_1280.png
01/Dec/2017:08:03:07 +0000 GET /images/entrepreneur-696959_1920.jpg
01/Dec/2017:08:03:07 +0000 GET /images/thumb-2480775_1920.jpg
01/Dec/2017:08:03:07 +0000 GET /images/board-2434016_1920.jpg
01/Dec/2017:08:03:07 +0000 GET /stylesheets/null
01/Dec/2017:11:50:27 +0000 GET /home
01/Dec/2017:11:50:27 +0000 GET /stylesheets/livesearch2.css
01/Dec/2017:11:50:27 +0000 GET /stylesheets/login1.css
01/Dec/2017:11:50:27 +0000 GET /stylesheets/Registration_form.css
01/Dec/2017:11:50:27 +0000 GET /javascripts/jic_common.js
01/Dec/2017:11:50:27 +0000 GET /stylesheets/Contact_Section.css
01/Dec/2017:11:50:27 +0000 GET /javascripts/Contact_Section.js
01/Dec/2017:11:50:27 +0000 GET /images/signin1.png
01/Dec/2017:11:50:27 +0000 GET /images/LoginWithFacebook.png
01/Dec/2017:11:50:27 +0000 GET /images/Filter.png
01/Dec/2017:11:50:27 +0000 GET /images/icons8-Share-50.png
01/Dec/2017:11:50:27 +0000 GET /images/businessmen-42691_1280.png
01/Dec/2017:11:50:27 +0000 GET /images/entrepreneur-696959_1920.jpg
01/Dec/2017:11:50:27 +0000 GET /images/thumb-2480775_1920.jpg
01/Dec/2017:11:50:27 +0000 GET /images/board-2434016_1920.jpg
01/Dec/2017:11:50:48 +0000 GET /javascripts/Contact_Section.js
01/Dec/2017:11:50:48 +0000 GET /stylesheets/null
